<?xml version="1.0" encoding="utf-8"?><testsuites name="pytest tests"><testsuite name="pytest" errors="0" failures="0" skipped="0" tests="6" time="0.074" timestamp="2026-09-27T04:56:49.660484+09:00" hostname="DESKTOP-N5DFT8J"><testcase classname="tests.test_gpu_runner_policy" name="test_workflow_has_no_self_hosted_runner_and_no_pull_request_target" time="0.004" /><testcase classname="tests.test_gpu_runner_policy" name="test_workflow_triggers_are_the_declared_three" time="0.001" /><testcase classname="tests.test_gpu_runner_policy" name="test_workflow_skips_only_the_manuscripts" time="0.001" /><testcase classname="tests.test_gpu_runner_policy" name="test_workflow_runs_the_cpu_pr_suite_only" time="0.001" /><testcase classname="tests.test_gpu_runner_policy" name="test_policy_names_the_three_suites_and_the_fork_rule" time="0.001" /><testcase classname="tests.test_gpu_runner_policy" name="test_suite_runner_knows_the_same_three_suites" time="0.001" /></testsuite></testsuites>